<?xml version="1.0" encoding="UTF-8"?>
<!-- Generated by org.testng.reporters.JUnitReportReporter -->
<testsuite hostname="DESKTOP-QE6MO3Q" failures="0" tests="1" name="TestScript.AlertpopTest" time="21.384" errors="0" timestamp="2022-12-19T10:57:20 IST" skipped="0">
  <testcase classname="TestScript.AlertpopTest" name="alertpopup" time="21.384"/>
  <system-out/>
</testsuite> <!-- TestScript.AlertpopTest -->
