<?xml version="1.0" encoding="UTF-8"?>
<!-- Generated by org.testng.reporters.JUnitReportReporter -->
<testsuite hostname="DESKTOP-QE6MO3Q" failures="0" tests="1" name="TestScript.ActicustomerCreateTest" time="17.955" errors="0" timestamp="2023-01-03T12:41:19 IST" skipped="0">
  <testcase classname="TestScript.ActicustomerCreateTest" name="createCustomer" time="17.955"/>
  <system-out>
    <![CDATA[customer created sucessfully]]>
  </system-out>
</testsuite> <!-- TestScript.ActicustomerCreateTest -->
